Started at Sun Oct 16 11:17:51 UTC 2022
Processing c-project
Offering c-project to Project Build Discarder
Processing c-project1
Offering c-project1 to Project Build Discarder
Processing java file
Offering java file to Project Build Discarder
Finished at Sun Oct 16 11:17:51 UTC 2022. 3ms
Started at Sun Oct 16 12:17:51 UTC 2022
Processing c-project
Offering c-project to Project Build Discarder
Processing c-project1
Offering c-project1 to Project Build Discarder
Processing java file
Offering java file to Project Build Discarder
Finished at Sun Oct 16 12:17:51 UTC 2022. 0ms
Started at Sun Oct 16 13:17:51 UTC 2022
Processing c-project
Offering c-project to Project Build Discarder
Processing c-project1
Offering c-project1 to Project Build Discarder
Processing java file
Offering java file to Project Build Discarder
Finished at Sun Oct 16 13:17:51 UTC 2022. 1ms
Started at Sun Oct 16 14:17:51 UTC 2022
Processing c-project
Offering c-project to Project Build Discarder
Processing c-project1
Offering c-project1 to Project Build Discarder
Processing java file
Offering java file to Project Build Discarder
Finished at Sun Oct 16 14:17:51 UTC 2022. 0ms
Started at Sun Oct 16 15:17:51 UTC 2022
Processing c-project
Offering c-project to Project Build Discarder
Processing c-project1
Offering c-project1 to Project Build Discarder
Processing java file
Offering java file to Project Build Discarder
Finished at Sun Oct 16 15:17:51 UTC 2022. 0ms
Started at Sun Oct 16 16:17:51 UTC 2022
Processing c-project
Offering c-project to Project Build Discarder
Processing c-project1
Offering c-project1 to Project Build Discarder
Processing java file
Offering java file to Project Build Discarder
Finished at Sun Oct 16 16:17:51 UTC 2022. 3ms
Started at Sun Oct 16 17:17:51 UTC 2022
Processing c-project
Offering c-project to Project Build Discarder
Processing c-project1
Offering c-project1 to Project Build Discarder
Processing java file
Offering java file to Project Build Discarder
Finished at Sun Oct 16 17:17:51 UTC 2022. 0ms
Started at Sun Oct 16 18:17:51 UTC 2022
Processing c-project
Offering c-project to Project Build Discarder
Processing c-project1
Offering c-project1 to Project Build Discarder
Processing java file
Offering java file to Project Build Discarder
Finished at Sun Oct 16 18:17:51 UTC 2022. 0ms
Started at Sun Oct 16 19:17:51 UTC 2022
Processing c-project
Offering c-project to Project Build Discarder
Processing c-project1
Offering c-project1 to Project Build Discarder
Processing java file
Offering java file to Project Build Discarder
Finished at Sun Oct 16 19:17:51 UTC 2022. 0ms
Started at Sun Oct 16 20:17:51 UTC 2022
Processing c-project
Offering c-project to Project Build Discarder
Processing c-project1
Offering c-project1 to Project Build Discarder
Processing java file
Offering java file to Project Build Discarder
Finished at Sun Oct 16 20:17:51 UTC 2022. 0ms
Started at Sun Oct 16 21:17:51 UTC 2022
Processing c-project
Offering c-project to Project Build Discarder
Processing c-project1
Offering c-project1 to Project Build Discarder
Processing java file
Offering java file to Project Build Discarder
Finished at Sun Oct 16 21:17:51 UTC 2022. 0ms
Started at Sun Oct 16 22:17:51 UTC 2022
Processing c-project
Offering c-project to Project Build Discarder
Processing c-project1
Offering c-project1 to Project Build Discarder
Processing java file
Offering java file to Project Build Discarder
Finished at Sun Oct 16 22:17:51 UTC 2022. 0ms
Started at Sun Oct 16 23:17:51 UTC 2022
Processing c-project
Offering c-project to Project Build Discarder
Processing c-project1
Offering c-project1 to Project Build Discarder
Processing java file
Offering java file to Project Build Discarder
Finished at Sun Oct 16 23:17:51 UTC 2022. 1ms
Started at Mon Oct 17 00:17:51 UTC 2022
Processing c-project
Offering c-project to Project Build Discarder
Processing c-project1
Offering c-project1 to Project Build Discarder
Processing java file
Offering java file to Project Build Discarder
Finished at Mon Oct 17 00:17:51 UTC 2022. 1ms
Started at Mon Oct 17 01:17:51 UTC 2022
Processing c-project
Offering c-project to Project Build Discarder
Processing c-project1
Offering c-project1 to Project Build Discarder
Processing java file
Offering java file to Project Build Discarder
Finished at Mon Oct 17 01:17:51 UTC 2022. 0ms
Started at Mon Oct 17 02:17:51 UTC 2022
Processing c-project
Offering c-project to Project Build Discarder
Processing c-project1
Offering c-project1 to Project Build Discarder
Processing java file
Offering java file to Project Build Discarder
Finished at Mon Oct 17 02:17:51 UTC 2022. 0ms
Started at Mon Oct 17 03:17:51 UTC 2022
Processing c-project
Offering c-project to Project Build Discarder
Processing c-project1
Offering c-project1 to Project Build Discarder
Processing java file
Offering java file to Project Build Discarder
Finished at Mon Oct 17 03:17:51 UTC 2022. 0ms
Started at Mon Oct 17 04:17:51 UTC 2022
Processing c-project
Offering c-project to Project Build Discarder
Processing c-project1
Offering c-project1 to Project Build Discarder
Processing java file
Offering java file to Project Build Discarder
Finished at Mon Oct 17 04:17:51 UTC 2022. 0ms
Started at Mon Oct 17 05:17:51 UTC 2022
Processing c-project
Offering c-project to Project Build Discarder
Processing c-project1
Offering c-project1 to Project Build Discarder
Processing java file
Offering java file to Project Build Discarder
Finished at Mon Oct 17 05:17:51 UTC 2022. 0ms
Started at Mon Oct 17 06:17:51 UTC 2022
Processing c-project
Offering c-project to Project Build Discarder
Processing c-project1
Offering c-project1 to Project Build Discarder
Processing java file
Offering java file to Project Build Discarder
Finished at Mon Oct 17 06:17:51 UTC 2022. 1ms
Started at Mon Oct 17 07:17:51 UTC 2022
Processing c-project
Offering c-project to Project Build Discarder
Processing c-project1
Offering c-project1 to Project Build Discarder
Processing java file
Offering java file to Project Build Discarder
Finished at Mon Oct 17 07:17:51 UTC 2022. 7ms
